
> pricetracker-frontend@0.1.0 build
> next build

   ▲ Next.js 16.0.1 (Turbopack)
   - Environments: .env.local

   Creating an optimized production build ...
 ✓ Compiled successfully in 102s
   Running TypeScript ...
   Collecting page data ...
   Generating static pages (0/4) ...
API Base URL: http://192.168.1.241:3000/api
   Generating static pages (1/4) 
   Generating static pages (2/4) 
   Generating static pages (3/4) 
 ✓ Generating static pages (4/4) in 337.0ms
   Finalizing page optimization ...

Route (app)
┌ ○ /
├ ○ /_not-found
└ ƒ /products/[id]


○  (Static)   prerendered as static content
ƒ  (Dynamic)  server-rendered on demand

